<?xml version="1.0" encoding="UTF-8"?>
<!-- Generated by org.testng.reporters.JUnitReportReporter -->
<testsuite hostname="hp" failures="0" tests="1" name="execution.RunnerClass" time="16.743" errors="1" timestamp="2024-02-19T23:42:33 IST" skipped="0">
  <testcase classname="execution.RunnerClass" name="runScenario" time="16.743">
    <error message="TODO: implement me" type="io.cucumber.java.PendingException">
      <![CDATA[io.cucumber.java.PendingException: TODO: implement me
at execution.loginstep1.user_clicks_on_email_or_mobile_phone_number(loginstep1.java:25)
at ✽.user clicks on email or mobile phone number(file:///C:/Users/intel/eclipse-workspace/AmazonHomepage/src/test/resources/FeatureFiles/login.feature:7)
]]>
    </error>
  </testcase> <!-- runScenario -->
  <system-out/>
</testsuite> <!-- execution.RunnerClass -->
